<?xml version="1.0" encoding="UTF-8"?>
<!-- Generated by org.testng.reporters.JUnitReportReporter -->
<testsuite hostname="Rajat" failures="0" tests="1" name="RestAs.RestApiRaghab" time="6.748" errors="0" timestamp="2024-11-02T09:52:49 IST" skipped="0">
  <testcase classname="RestAs.RestApiRaghab" name="practice" time="6.748"/>
</testsuite> <!-- RestAs.RestApiRaghab -->
