<?xml version="1.0" encoding="UTF-8"?>
<!-- Generated by org.testng.reporters.JUnitReportReporter -->
<testsuite hostname="Rajat" failures="0" tests="4" name="RestAs.RestAPI" time="9.637" errors="0" timestamp="2024-11-02T08:53:47 IST" skipped="0">
  <testcase classname="RestAs.RestAPI" name="getRequest" time="6.541"/>
  <testcase classname="RestAs.RestAPI" name="postRequest" time="1.314"/>
  <testcase classname="RestAs.RestAPI" name="putRequest" time="0.974"/>
  <testcase classname="RestAs.RestAPI" name="deleteRequest" time="0.808"/>
</testsuite> <!-- RestAs.RestAPI -->
