<?xml version="1.0" encoding="UTF-8"?>
<!-- Generated by org.testng.reporters.JUnitReportReporter -->
<testsuite hostname="Rajat" failures="0" tests="1" name="Local_RestAPI.SchemaValidator" time="2.693" errors="0" timestamp="2024-12-01T00:41:56 IST" skipped="0">
  <testcase classname="Local_RestAPI.SchemaValidator" name="jsonSchemaValidation" time="2.693"/>
</testsuite> <!-- Local_RestAPI.SchemaValidator -->
