<?xml version="1.0" encoding="UTF-8"?>
<!-- Generated by org.testng.reporters.JUnitReportReporter -->
<testsuite hostname="Rajat" failures="0" tests="1" name="Local_RestAPI.HeaderInfo" time="2.447" errors="0" timestamp="2024-11-30T16:57:51 IST" skipped="0">
  <testcase classname="Local_RestAPI.HeaderInfo" name="getHeaders" time="2.447"/>
</testsuite> <!-- Local_RestAPI.HeaderInfo -->
