<?xml version="1.0" encoding="UTF-8"?>
<!-- Generated by org.testng.reporters.JUnitReportReporter -->
<testsuite hostname="Rajat" failures="0" tests="5" name="RestAs.Typicode" time="9.003" errors="0" timestamp="2024-11-02T08:53:26 IST" skipped="0">
  <testcase classname="RestAs.Typicode" name="testGetRequest" time="3.935"/>
  <testcase classname="RestAs.Typicode" name="testPostRequest" time="1.541"/>
  <testcase classname="RestAs.Typicode" name="testPutRequest" time="1.299"/>
  <testcase classname="RestAs.Typicode" name="testPatchRequest" time="1.288"/>
  <testcase classname="RestAs.Typicode" name="testDeleteRequest" time="0.940"/>
</testsuite> <!-- RestAs.Typicode -->
