<?xml version="1.0" encoding="UTF-8"?>
<!-- Generated by org.testng.reporters.JUnitReportReporter -->
<testsuite hostname="Rajat" failures="0" tests="2" name="RestAssured_API.SerialiaztionDeserialization" time="0.434" errors="0" timestamp="2024-12-01T22:46:23 IST" skipped="0">
  <testcase classname="RestAssured_API.SerialiaztionDeserialization" name="convertJsonToPojo" time="0.405"/>
  <testcase classname="RestAssured_API.SerialiaztionDeserialization" name="convertPojoToJson" time="0.029"/>
</testsuite> <!-- RestAssured_API.SerialiaztionDeserialization -->
