<?xml version="1.0" encoding="UTF-8"?>
<!-- Generated by org.testng.reporters.JUnitReportReporter -->
<testsuite hostname="Rajat" failures="0" tests="4" name="RestAs.RestAPI" time="7.853" errors="0" timestamp="2024-10-25T09:50:43 IST" skipped="0">
  <testcase classname="RestAs.RestAPI" name="getRequest" time="4.062"/>
  <testcase classname="RestAs.RestAPI" name="postRequest" time="1.606"/>
  <testcase classname="RestAs.RestAPI" name="putRequest" time="1.271"/>
  <testcase classname="RestAs.RestAPI" name="deleteRequest" time="0.914"/>
</testsuite> <!-- RestAs.RestAPI -->
