<?xml version="1.0" encoding="UTF-8"?>
<!-- Generated by org.testng.reporters.JUnitReportReporter -->
<testsuite hostname="Rajat" failures="0" tests="1" name="Local_RestAPI.CookiesDemo" time="2.395" errors="0" timestamp="2024-11-30T16:41:24 IST" skipped="0">
  <testcase classname="Local_RestAPI.CookiesDemo" name="getHeader" time="2.395"/>
</testsuite> <!-- Local_RestAPI.CookiesDemo -->
