<?xml version="1.0" encoding="UTF-8"?>
<!-- Generated by org.testng.reporters.JUnitReportReporter -->
<testsuite hostname="Rajat" failures="0" tests="1" name="Local_RestAPI.SerialiaztionDeserialization" time="0.379" errors="0" timestamp="2024-12-01T01:44:12 IST" skipped="0">
  <testcase classname="Local_RestAPI.SerialiaztionDeserialization" name="convertJsonToPojo" time="0.379"/>
</testsuite> <!-- Local_RestAPI.SerialiaztionDeserialization -->
