<?xml version="1.0" encoding="UTF-8"?>
<!-- Generated by org.testng.reporters.JUnitReportReporter -->
<testsuite hostname="Rajat" failures="0" tests="1" name="RestAs.RestApiRaghab" time="6.526" errors="0" timestamp="2024-10-22T08:12:36 IST" skipped="0">
  <testcase classname="RestAs.RestApiRaghab" name="postRequest" time="6.526"/>
</testsuite> <!-- RestAs.RestApiRaghab -->
