<?xml version="1.0" encoding="UTF-8"?>
<!-- Generated by org.testng.reporters.JUnitReportReporter -->
<testsuite hostname="Rajat" failures="0" tests="1" name="Local_RestAPI.LoggineDemo" time="2.379" errors="0" timestamp="2024-11-30T17:10:50 IST" skipped="0">
  <testcase classname="Local_RestAPI.LoggineDemo" name="getLog" time="2.379"/>
</testsuite> <!-- Local_RestAPI.LoggineDemo -->
