<?xml version="1.0" encoding="UTF-8"?>
<!-- Generated by org.testng.reporters.JUnitReportReporter -->
<testsuite hostname="Rajat" failures="0" tests="4" name="Local_RestAPI.HTTP_Request" time="7.120" errors="0" timestamp="2024-11-28T17:48:04 IST" skipped="0">
  <testcase classname="Local_RestAPI.HTTP_Request" name="getUsers" time="4.353"/>
  <testcase classname="Local_RestAPI.HTTP_Request" name="createUser" time="1.291"/>
  <testcase classname="Local_RestAPI.HTTP_Request" name="updateUser" time="0.669"/>
  <testcase classname="Local_RestAPI.HTTP_Request" name="deleteUser" time="0.807"/>
</testsuite> <!-- Local_RestAPI.HTTP_Request -->
