<?xml version="1.0" encoding="UTF-8"?>
<!-- Generated by org.testng.reporters.JUnitReportReporter -->
<testsuite hostname="Rajat" failures="0" tests="1" name="Local_RestAPI.DifferentWayToCreatePostRequest" time="2.250" errors="0" timestamp="2024-11-28T21:14:29 IST" skipped="0">
  <testcase classname="Local_RestAPI.DifferentWayToCreatePostRequest" name="testPostUsingExternal_JSON_Class" time="2.250"/>
</testsuite> <!-- Local_RestAPI.DifferentWayToCreatePostRequest -->
